*************************************
Into 'C:\dev\MetraNetDev\RMP\config\upgrade\v801to810\Oracle\001' folder
ECHO is off.
=====================================
Reads script FROM  'C:\dev\MetraNetDev\RMP\config\upgrade\v801to810\Oracle\001\01_Schema_changes.sql'

SQL*Plus: Release 11.2.0.1.0 Production on Fri Nov 21 10:21:52 2014

Copyright (c) 1982, 2010, Oracle.  All rights reserved.


Connected to:
Oracle Database 11g Enterprise Edition Release 11.2.0.1.0 - Production
With the Partitioning, OLAP, Data Mining and Real Application Testing options


PL/SQL procedure successfully completed.

CREATE TABLE t_recevent_localize
             *
ERROR at line 1:
ORA-00955: name is already used by an existing object


			foreign key (id_local) references t_recevent(id_event)
			*
ERROR at line 2:
ORA-02275: such a referential constraint already exists in the table


			foreign key (id_local) references t_recevent(id_event)
			*
ERROR at line 2:
ORA-02275: such a referential constraint already exists in the table


			foreign key (id_lang_code) references t_language(id_lang_code)
			*
ERROR at line 2:
ORA-02275: such a referential constraint already exists in the table


			foreign key (id_lang_code) references t_language(id_lang_code)
			*
ERROR at line 2:
ORA-02275: such a referential constraint already exists in the table



Comment created.


Comment created.

COMMENT ON COLUMN t_recevent_localize.id_desc 		IS 'Localize identifier. This is foreign key to t_recevent'
                                      *
ERROR at line 1:
ORA-00904: "ID_DESC": invalid identifier


COMMENT ON COLUMN t_recevent_localize.id_desc 		IS 'Localize identifier. This is foreign key to t_recevent'
                                      *
ERROR at line 1:
ORA-00904: "ID_DESC": invalid identifier



Comment created.


Comment created.


Comment created.


Comment created.


Comment created.


Comment created.

SQL> Disconnected from Oracle Database 11g Enterprise Edition Release 11.2.0.1.0 - Production
With the Partitioning, OLAP, Data Mining and Real Application Testing options
ECHO is off.
=====================================
Reads script FROM  'C:\dev\MetraNetDev\RMP\config\upgrade\v801to810\Oracle\001\99_SetUpgradeDate.sql'

SQL*Plus: Release 11.2.0.1.0 Production on Fri Nov 21 10:21:52 2014

Copyright (c) 1982, 2010, Oracle.  All rights reserved.


Connected to:
Oracle Database 11g Enterprise Edition Release 11.2.0.1.0 - Production
With the Partitioning, OLAP, Data Mining and Real Application Testing options

    dt_end_db_upgrade = SYSDATE(),
                               *
ERROR at line 4:
ORA-00933: SQL command not properly ended


SQL> Disconnected from Oracle Database 11g Enterprise Edition Release 11.2.0.1.0 - Production
With the Partitioning, OLAP, Data Mining and Real Application Testing options
ECHO is off.
=====================================
Reads script FROM  'C:\dev\MetraNetDev\RMP\config\upgrade\v801to810\Oracle\\upgradeStageDb.sql'

SQL*Plus: Release 11.2.0.1.0 Production on Fri Nov 21 10:21:52 2014

Copyright (c) 1982, 2010, Oracle.  All rights reserved.

ERROR:
ORA-01017: invalid username/password; logon denied


Enter user-name: Enter password: ERROR:
ORA-01005: null password given; logon denied


Enter user-name: 